<?xml version="1.0" encoding="UTF-8"?>
<!-- Generated by org.testng.reporters.JUnitReportReporter -->
<testsuite hostname="CF-Kanchan" failures="0" tests="1" name="com.Tests.MutipleBrowser" time="18.220" errors="0" timestamp="2024-12-23T23:00:55 IST" skipped="0">
  <testcase classname="com.Tests.MutipleBrowser" name="LaunchURL" time="18.220"/>
  <system-out/>
</testsuite> <!-- com.Tests.MutipleBrowser -->
